<?xml version="1.0" encoding="UTF-8"?>
<!-- Generated by org.testng.reporters.JUnitXMLReporter -->
<testsuite ignored="1" hostname="Bharani" failures="0" tests="2" name="Default test" time="0.052" errors="0" timestamp="2022-12-20T08:28:32 IST">
  <testcase classname="Testng.Test2" name="chats" time="0.007"/>
  <testcase classname="Testng.Test2" name="calls" time="0.002"/>
  <testcase classname="Testng.Test2" name="settings" time="0.0">
    <ignored/>
  </testcase> <!-- settings -->
</testsuite> <!-- Default test -->
